<?xml version="1.0" encoding="UTF-8"?>
<!-- Generated by org.testng.reporters.JUnitReportReporter -->
<testsuite hostname="Kritikas-MacBook-Air.local" failures="0" tests="2" name="MavenGroupId.MavenArtifactId.RESTAPITest" time="0.003" errors="0" timestamp="2022-01-12T20:59:22 IST" skipped="0">
  <testcase classname="MavenGroupId.MavenArtifactId.RESTAPITest" name="RestApiTest2" time="0.001"/>
  <system-out/>
  <testcase classname="MavenGroupId.MavenArtifactId.RESTAPITest" name="RestApiTest1" time="0.002"/>
  <system-out/>
</testsuite> <!-- MavenGroupId.MavenArtifactId.RESTAPITest -->
