<?xml version="1.0" encoding="UTF-8"?>
<!-- Generated by org.testng.reporters.JUnitReportReporter -->
<testsuite hostname="Kritikas-MacBook-Air.local" failures="0" tests="2" name="MavenGroupId.MavenArtifactId.RESTAPI" time="0.008" errors="0" timestamp="2022-01-11T23:31:08 IST" skipped="0">
  <testcase classname="MavenGroupId.MavenArtifactId.RESTAPI" name="RestApiTest2" time="0.001"/>
  <system-out/>
  <testcase classname="MavenGroupId.MavenArtifactId.RESTAPI" name="RestApiTest1" time="0.007"/>
  <system-out/>
</testsuite> <!-- MavenGroupId.MavenArtifactId.RESTAPI -->
