<?xml version="1.0" encoding="UTF-8"?>
<!-- Generated by org.testng.reporters.JUnitReportReporter -->
<testsuite hostname="Kritikas-MacBook-Air.local" failures="0" tests="2" name="MavenGroupId.MavenArtifactId.AppiumTest" time="0.019" errors="0" timestamp="2022-01-19T15:34:52 IST" skipped="0">
  <testcase classname="MavenGroupId.MavenArtifactId.AppiumTest" name="AppiumTest1" time="0.018"/>
  <system-out/>
  <testcase classname="MavenGroupId.MavenArtifactId.AppiumTest" name="AppiumTest2" time="0.001"/>
  <system-out/>
</testsuite> <!-- MavenGroupId.MavenArtifactId.AppiumTest -->
