<?xml version="1.0" encoding="UTF-8"?>
<!-- Generated by org.testng.reporters.JUnitReportReporter -->
<testsuite skipped="0" hostname="Kritikas-MacBook-Air.local" name="MavenGroupId.MavenArtifactId.AppiumTest" tests="2" failures="0" timestamp="2022-01-16T21:26:27 IST" time="0.003" errors="0">
  <testcase name="AppiumTest2" time="0.000" classname="MavenGroupId.MavenArtifactId.AppiumTest"/>
  <system-out/>
  <testcase name="AppiumTest1" time="0.003" classname="MavenGroupId.MavenArtifactId.AppiumTest"/>
  <system-out/>
</testsuite> <!-- MavenGroupId.MavenArtifactId.AppiumTest -->
