<?xml version="1.0" encoding="UTF-8"?>
<!-- Generated by org.testng.reporters.JUnitReportReporter -->
<testsuite skipped="0" hostname="Kritikas-MacBook-Air.local" name="MavenGroupId.MavenArtifactId.SeleniumTest" tests="2" failures="0" timestamp="2022-01-16T21:26:27 IST" time="0.000" errors="0">
  <testcase name="SeleniumTest2" time="0.000" classname="MavenGroupId.MavenArtifactId.SeleniumTest"/>
  <system-out/>
  <testcase name="SeleniumTest1" time="0.000" classname="MavenGroupId.MavenArtifactId.SeleniumTest"/>
  <system-out/>
</testsuite> <!-- MavenGroupId.MavenArtifactId.SeleniumTest -->
